{
  "stats": {
    "suites": 1,
    "tests": 1,
    "passes": 1,
    "pending": 0,
    "failures": 0,
    "start": "2025-02-07T12:57:06.305Z",
    "end": "2025-02-07T12:57:13.560Z",
    "duration": 7255,
    "testsRegistered": 1,
    "passPercent": 100,
    "pendingPercent": 0,
    "other": 0,
    "hasOther": false,
    "skipped": 0,
    "hasSkipped": false
  },
  "results": [
    {
      "uuid": "72a1273b-94b8-422f-a55d-1bfaaa772f6a",
      "title": "",
      "fullFile": "cypress\\e2e\\tests\\CampaignsPreviewTest.cy.js",
      "file": "cypress\\e2e\\tests\\CampaignsPreviewTest.cy.js",
      "beforeHooks": [],
      "afterHooks": [],
      "tests": [],
      "suites": [
        {
          "uuid": "4d9d2e7b-6f9a-4dd6-be66-1ec5de304a6f",
          "title": "Campaigns Preview Page",
          "fullFile": "",
          "file": "",
          "beforeHooks": [],
          "afterHooks": [],
          "tests": [
            {
              "title": "verify the functionality to opening the exact campaigns preview page",
              "fullTitle": "Campaigns Preview Page verify the functionality to opening the exact campaigns preview page",
              "timedOut": null,
              "duration": 7125,
              "state": "passed",
              "speed": "medium",
              "pass": true,
              "fail": false,
              "pending": false,
              "context": "{\n  \"title\": \"cypress-mochawesome-reporter-videos-passed\",\n  \"value\": \"cypress\\\\e2e\\\\tests\\\\CampaignsPreviewTest.cy.js\"\n}",
              "code": "campaignsPreviewPage.visit();\ncampaignsPreviewPage.isElementPresentByXpath(campaignsPreviewPage.addYourCustomer);",
              "err": {},
              "uuid": "bc39efd8-a435-4c2c-9168-e91776d07481",
              "parentUUID": "4d9d2e7b-6f9a-4dd6-be66-1ec5de304a6f",
              "isHook": false,
              "skipped": false
            }
          ],
          "suites": [],
          "passes": [
            "bc39efd8-a435-4c2c-9168-e91776d07481"
          ],
          "failures": [],
          "pending": [],
          "skipped": [],
          "duration": 7125,
          "root": false,
          "rootEmpty": false,
          "_timeout": 2000
        }
      ],
      "passes": [],
      "failures": [],
      "pending": [],
      "skipped": [],
      "duration": 0,
      "root": true,
      "rootEmpty": true,
      "_timeout": 2000
    }
  ],
  "meta": {
    "mocha": {
      "version": "7.0.1"
    },
    "mochawesome": {
      "options": {
        "quiet": false,
        "reportFilename": "mochawesome",
        "saveHtml": true,
        "saveJson": true,
        "consoleReporter": "spec",
        "useInlineDiffs": false,
        "code": true
      },
      "version": "7.1.3"
    },
    "marge": {
      "options": {
        "reportDir": "cypress/reports",
        "overwrite": false,
        "html": true,
        "json": true
      },
      "version": "6.2.0"
    }
  }
}