{
  "stats": {
    "suites": 1,
    "tests": 1,
    "passes": 1,
    "pending": 0,
    "failures": 0,
    "start": "2025-02-07T13:02:53.848Z",
    "end": "2025-02-07T13:03:13.092Z",
    "duration": 19244,
    "testsRegistered": 1,
    "passPercent": 100,
    "pendingPercent": 0,
    "other": 0,
    "hasOther": false,
    "skipped": 0,
    "hasSkipped": false
  },
  "results": [
    {
      "uuid": "4f2df1ab-b6e8-45f1-9826-f33a44d54662",
      "title": "",
      "fullFile": "cypress\\e2e\\tests\\InviteMemberTest.cy.js",
      "file": "cypress\\e2e\\tests\\InviteMemberTest.cy.js",
      "beforeHooks": [],
      "afterHooks": [],
      "tests": [],
      "suites": [
        {
          "uuid": "429ae9b5-0355-4ce5-80f8-55ebabb48ebe",
          "title": "",
          "fullFile": "",
          "file": "",
          "beforeHooks": [],
          "afterHooks": [],
          "tests": [
            {
              "title": "Verify the functionality of invite team member added without any issues",
              "fullTitle": " Verify the functionality of invite team member added without any issues",
              "timedOut": null,
              "duration": 19087,
              "state": "passed",
              "speed": "slow",
              "pass": true,
              "fail": false,
              "pending": false,
              "context": "{\n  \"title\": \"cypress-mochawesome-reporter-videos-passed\",\n  \"value\": \"cypress\\\\e2e\\\\tests\\\\InviteMemberTest.cy.js\"\n}",
              "code": "const randomData = randomDataGenerator();\nmemberManagementPage.open();\ncy.wait(4000);\nlet initialRowCount;\nmemberManagementPage.getRowCount().then(count => {\n  initialRowCount = count;\n  cy.log(`Initial Row Count: ${initialRowCount}`);\n  console.log(\"Initial Row Count (console log):\", initialRowCount);\n  cy.wait(2000);\n  inviteMemberPage.open();\n  inviteMemberPage.setFirstName(randomData.firstName);\n  inviteMemberPage.setLastName(randomData.lastName);\n  inviteMemberPage.setEmail(randomData.email);\n  inviteMemberPage.setPhoneNumber(randomData.phone);\n  inviteMemberPage.clickInviteButton();\n  memberManagementPage.getRowCount().should(\"eq\", initialRowCount + 1);\n});",
              "err": {},
              "uuid": "ff1c5709-9170-4b2c-8c18-52a9c19e4116",
              "parentUUID": "429ae9b5-0355-4ce5-80f8-55ebabb48ebe",
              "isHook": false,
              "skipped": false
            }
          ],
          "suites": [],
          "passes": [
            "ff1c5709-9170-4b2c-8c18-52a9c19e4116"
          ],
          "failures": [],
          "pending": [],
          "skipped": [],
          "duration": 19087,
          "root": false,
          "rootEmpty": false,
          "_timeout": 2000
        }
      ],
      "passes": [],
      "failures": [],
      "pending": [],
      "skipped": [],
      "duration": 0,
      "root": true,
      "rootEmpty": true,
      "_timeout": 2000
    }
  ],
  "meta": {
    "mocha": {
      "version": "7.0.1"
    },
    "mochawesome": {
      "options": {
        "quiet": false,
        "reportFilename": "mochawesome",
        "saveHtml": true,
        "saveJson": true,
        "consoleReporter": "spec",
        "useInlineDiffs": false,
        "code": true
      },
      "version": "7.1.3"
    },
    "marge": {
      "options": {
        "reportDir": "cypress/reports",
        "overwrite": false,
        "html": true,
        "json": true
      },
      "version": "6.2.0"
    }
  }
}