{
  "stats": {
    "suites": 1,
    "tests": 1,
    "passes": 1,
    "pending": 0,
    "failures": 0,
    "start": "2025-02-07T13:01:01.391Z",
    "end": "2025-02-07T13:01:06.725Z",
    "duration": 5334,
    "testsRegistered": 1,
    "passPercent": 100,
    "pendingPercent": 0,
    "other": 0,
    "hasOther": false,
    "skipped": 0,
    "hasSkipped": false
  },
  "results": [
    {
      "uuid": "8666cfa4-b0b8-4f54-a744-f7861014a881",
      "title": "",
      "fullFile": "cypress\\e2e\\tests\\CampaignsPreviewTest.cy.js",
      "file": "cypress\\e2e\\tests\\CampaignsPreviewTest.cy.js",
      "beforeHooks": [],
      "afterHooks": [],
      "tests": [],
      "suites": [
        {
          "uuid": "c52a231d-ad3d-424a-a89b-fe06a63125de",
          "title": "Campaigns Preview Page",
          "fullFile": "",
          "file": "",
          "beforeHooks": [],
          "afterHooks": [],
          "tests": [
            {
              "title": "verify the functionality to opening the exact campaigns preview page",
              "fullTitle": "Campaigns Preview Page verify the functionality to opening the exact campaigns preview page",
              "timedOut": null,
              "duration": 5023,
              "state": "passed",
              "speed": "medium",
              "pass": true,
              "fail": false,
              "pending": false,
              "context": "{\n  \"title\": \"cypress-mochawesome-reporter-videos-passed\",\n  \"value\": \"cypress\\\\e2e\\\\tests\\\\CampaignsPreviewTest.cy.js\"\n}",
              "code": "campaignsPreviewPage.visit();\ncampaignsPreviewPage.isElementPresentByXpath(campaignsPreviewPage.addYourCustomer);",
              "err": {},
              "uuid": "bf864ccc-4783-40e3-9924-11b0c46c4494",
              "parentUUID": "c52a231d-ad3d-424a-a89b-fe06a63125de",
              "isHook": false,
              "skipped": false
            }
          ],
          "suites": [],
          "passes": [
            "bf864ccc-4783-40e3-9924-11b0c46c4494"
          ],
          "failures": [],
          "pending": [],
          "skipped": [],
          "duration": 5023,
          "root": false,
          "rootEmpty": false,
          "_timeout": 2000
        }
      ],
      "passes": [],
      "failures": [],
      "pending": [],
      "skipped": [],
      "duration": 0,
      "root": true,
      "rootEmpty": true,
      "_timeout": 2000
    }
  ],
  "meta": {
    "mocha": {
      "version": "7.0.1"
    },
    "mochawesome": {
      "options": {
        "quiet": false,
        "reportFilename": "mochawesome",
        "saveHtml": true,
        "saveJson": true,
        "consoleReporter": "spec",
        "useInlineDiffs": false,
        "code": true
      },
      "version": "7.1.3"
    },
    "marge": {
      "options": {
        "reportDir": "cypress/reports",
        "overwrite": false,
        "html": true,
        "json": true
      },
      "version": "6.2.0"
    }
  }
}