{
  "stats": {
    "suites": 1,
    "tests": 5,
    "passes": 5,
    "pending": 0,
    "failures": 0,
    "start": "2025-02-07T12:48:34.650Z",
    "end": "2025-02-07T12:49:21.456Z",
    "duration": 46806,
    "testsRegistered": 5,
    "passPercent": 100,
    "pendingPercent": 0,
    "other": 0,
    "hasOther": false,
    "skipped": 0,
    "hasSkipped": false
  },
  "results": [
    {
      "uuid": "7b147b0a-71d4-46d0-9cc2-fee6dcf1437a",
      "title": "",
      "fullFile": "cypress\\e2e\\tests\\CompanyProfileTest.cy.js",
      "file": "cypress\\e2e\\tests\\CompanyProfileTest.cy.js",
      "beforeHooks": [],
      "afterHooks": [],
      "tests": [],
      "suites": [
        {
          "uuid": "3a377f09-a5d2-4e6c-9491-2e02ab8f4cbb",
          "title": "",
          "fullFile": "",
          "file": "",
          "beforeHooks": [],
          "afterHooks": [],
          "tests": [
            {
              "title": "Verify the functionality of saving Company Name",
              "fullTitle": " Verify the functionality of saving Company Name",
              "timedOut": null,
              "duration": 11052,
              "state": "passed",
              "speed": "slow",
              "pass": true,
              "fail": false,
              "pending": false,
              "context": "{\n  \"title\": \"cypress-mochawesome-reporter-videos-passed\",\n  \"value\": \"cypress\\\\e2e\\\\tests\\\\CompanyProfileTest.cy.js\"\n}",
              "code": "companyProfilePage.open();\nconst randomText = companyProfilePage.getString();\ncompanyProfilePage.setRandomCompanyName(randomText);\ncompanyProfilePage.getCompanyName().then(setNewCompanyName => {\n  setNewCompanyName = setNewCompanyName.trim();\n  companyProfilePage.clickSaveButton();\n  companyProfilePage.getCompanyName().then(getCurrentCompanyName => {\n    getCurrentCompanyName = getCurrentCompanyName.trim();\n    expect(setNewCompanyName).to.equal(getCurrentCompanyName);\n  });\n});",
              "err": {},
              "uuid": "3ea1530a-2d41-44de-9a26-e0e70d2e042c",
              "parentUUID": "3a377f09-a5d2-4e6c-9491-2e02ab8f4cbb",
              "isHook": false,
              "skipped": false
            },
            {
              "title": "Verify the functionality of saving Company Address",
              "fullTitle": " Verify the functionality of saving Company Address",
              "timedOut": null,
              "duration": 8917,
              "state": "passed",
              "speed": "medium",
              "pass": true,
              "fail": false,
              "pending": false,
              "context": "{\n  \"title\": \"cypress-mochawesome-reporter-videos-passed\",\n  \"value\": \"cypress\\\\e2e\\\\tests\\\\CompanyProfileTest.cy.js\"\n}",
              "code": "companyProfilePage.open();\nconst randomText = companyProfilePage.getString();\ncompanyProfilePage.setRandomCompanyAddress(randomText);\ncompanyProfilePage.getCompanyAddress().then(setNewCompanyAddressElement => {\n  const setNewCompanyAddress = setNewCompanyAddressElement.trim();\n  companyProfilePage.clickSaveButton();\n  companyProfilePage.getCompanyAddress().then(getCurrentCompanyAddressElement => {\n    const getCurrentCompanyAddress = getCurrentCompanyAddressElement.trim();\n    expect(setNewCompanyAddress).to.equal(getCurrentCompanyAddress);\n  });\n});",
              "err": {},
              "uuid": "ba279123-503d-4889-b73c-6b2f4f6ed780",
              "parentUUID": "3a377f09-a5d2-4e6c-9491-2e02ab8f4cbb",
              "isHook": false,
              "skipped": false
            },
            {
              "title": "Verify the functionality of saving City name",
              "fullTitle": " Verify the functionality of saving City name",
              "timedOut": null,
              "duration": 8370,
              "state": "passed",
              "speed": "medium",
              "pass": true,
              "fail": false,
              "pending": false,
              "context": "{\n  \"title\": \"cypress-mochawesome-reporter-videos-passed\",\n  \"value\": \"cypress\\\\e2e\\\\tests\\\\CompanyProfileTest.cy.js\"\n}",
              "code": "companyProfilePage.open();\ncompanyProfilePage.setRandomCityName();\ncompanyProfilePage.getCityName().then(newCityElement => {\n  const newCityName = newCityElement.trim();\n  companyProfilePage.clickSaveButton();\n  companyProfilePage.getCityName().then(getCurrentCityElement => {\n    const getCurrentCityName = getCurrentCityElement.trim();\n    expect(newCityName).to.equal(getCurrentCityName);\n  });\n});",
              "err": {},
              "uuid": "fd5294c9-5db0-4487-a48c-8370fbef3cb0",
              "parentUUID": "3a377f09-a5d2-4e6c-9491-2e02ab8f4cbb",
              "isHook": false,
              "skipped": false
            },
            {
              "title": "Verify the functionality of saving Company Web site url",
              "fullTitle": " Verify the functionality of saving Company Web site url",
              "timedOut": null,
              "duration": 11649,
              "state": "passed",
              "speed": "slow",
              "pass": true,
              "fail": false,
              "pending": false,
              "context": "{\n  \"title\": \"cypress-mochawesome-reporter-videos-passed\",\n  \"value\": \"cypress\\\\e2e\\\\tests\\\\CompanyProfileTest.cy.js\"\n}",
              "code": "companyProfilePage.open();\ncompanyProfilePage.setRandomCompanyWebsite();\ncompanyProfilePage.getWebSiteUrl().then(setNewWebsiteUrlElement => {\n  const setNewWebstieUrl = setNewWebsiteUrlElement.trim();\n  companyProfilePage.clickSaveButton();\n  companyProfilePage.getWebSiteUrl().then(getCurrentWebstieElement => {\n    const getCurrentWebSiteUrl = getCurrentWebstieElement.trim();\n    expect(setNewWebstieUrl).to.equal(getCurrentWebSiteUrl);\n  });\n});",
              "err": {},
              "uuid": "8a8b7e22-f45a-47d7-8676-68cdd4a5a644",
              "parentUUID": "3a377f09-a5d2-4e6c-9491-2e02ab8f4cbb",
              "isHook": false,
              "skipped": false
            },
            {
              "title": "Verify the functionality of saving Zip Code",
              "fullTitle": " Verify the functionality of saving Zip Code",
              "timedOut": null,
              "duration": 6486,
              "state": "passed",
              "speed": "medium",
              "pass": true,
              "fail": false,
              "pending": false,
              "context": "{\n  \"title\": \"cypress-mochawesome-reporter-videos-passed\",\n  \"value\": \"cypress\\\\e2e\\\\tests\\\\CompanyProfileTest.cy.js\"\n}",
              "code": "companyProfilePage.open();\ncompanyProfilePage.setRandomZipCode();\ncompanyProfilePage.getZipCode().then(newZipCodeElement => {\n  const newZipCode = newZipCodeElement.trim();\n  companyProfilePage.clickSaveButton();\n  companyProfilePage.getZipCode().then(getCurrentZipCodeElement => {\n    const getCurrentZipCode = getCurrentZipCodeElement.trim();\n    expect(newZipCode).to.equal(getCurrentZipCode);\n  });\n});",
              "err": {},
              "uuid": "3656ff87-12fe-4ca4-b381-dcac7a1e0056",
              "parentUUID": "3a377f09-a5d2-4e6c-9491-2e02ab8f4cbb",
              "isHook": false,
              "skipped": false
            }
          ],
          "suites": [],
          "passes": [
            "3ea1530a-2d41-44de-9a26-e0e70d2e042c",
            "ba279123-503d-4889-b73c-6b2f4f6ed780",
            "fd5294c9-5db0-4487-a48c-8370fbef3cb0",
            "8a8b7e22-f45a-47d7-8676-68cdd4a5a644",
            "3656ff87-12fe-4ca4-b381-dcac7a1e0056"
          ],
          "failures": [],
          "pending": [],
          "skipped": [],
          "duration": 46474,
          "root": false,
          "rootEmpty": false,
          "_timeout": 2000
        }
      ],
      "passes": [],
      "failures": [],
      "pending": [],
      "skipped": [],
      "duration": 0,
      "root": true,
      "rootEmpty": true,
      "_timeout": 2000
    }
  ],
  "meta": {
    "mocha": {
      "version": "7.0.1"
    },
    "mochawesome": {
      "options": {
        "quiet": false,
        "reportFilename": "mochawesome",
        "saveHtml": true,
        "saveJson": true,
        "consoleReporter": "spec",
        "useInlineDiffs": false,
        "code": true
      },
      "version": "7.1.3"
    },
    "marge": {
      "options": {
        "reportDir": "cypress/reports",
        "overwrite": false,
        "html": true,
        "json": true
      },
      "version": "6.2.0"
    }
  }
}