{
  "stats": {
    "suites": 1,
    "tests": 5,
    "passes": 4,
    "pending": 0,
    "failures": 1,
    "start": "2025-02-07T13:01:10.774Z",
    "end": "2025-02-07T13:02:00.253Z",
    "duration": 49479,
    "testsRegistered": 5,
    "passPercent": 80,
    "pendingPercent": 0,
    "other": 0,
    "hasOther": false,
    "skipped": 0,
    "hasSkipped": false
  },
  "results": [
    {
      "uuid": "a7e14d60-4185-4559-ac27-fdb1ecb748b1",
      "title": "",
      "fullFile": "cypress\\e2e\\tests\\CompanyProfileTest.cy.js",
      "file": "cypress\\e2e\\tests\\CompanyProfileTest.cy.js",
      "beforeHooks": [],
      "afterHooks": [],
      "tests": [],
      "suites": [
        {
          "uuid": "e0fd84a6-1ff8-42a8-bd4b-7c32d28892aa",
          "title": "",
          "fullFile": "",
          "file": "",
          "beforeHooks": [],
          "afterHooks": [],
          "tests": [
            {
              "title": "Verify the functionality of saving Company Name",
              "fullTitle": " Verify the functionality of saving Company Name",
              "timedOut": null,
              "duration": 9966,
              "state": "passed",
              "speed": "medium",
              "pass": true,
              "fail": false,
              "pending": false,
              "context": "{\n  \"title\": \"cypress-mochawesome-reporter-videos-passed\",\n  \"value\": \"cypress\\\\e2e\\\\tests\\\\CompanyProfileTest.cy.js\"\n}",
              "code": "companyProfilePage.open();\nconst randomText = companyProfilePage.getString();\ncompanyProfilePage.setRandomCompanyName(randomText);\ncompanyProfilePage.getCompanyName().then(setNewCompanyName => {\n  setNewCompanyName = setNewCompanyName.trim();\n  companyProfilePage.clickSaveButton();\n  companyProfilePage.getCompanyName().then(getCurrentCompanyName => {\n    getCurrentCompanyName = getCurrentCompanyName.trim();\n    expect(setNewCompanyName).to.equal(getCurrentCompanyName);\n  });\n});",
              "err": {},
              "uuid": "3c4e23cc-9900-4183-a017-e75daf700cda",
              "parentUUID": "e0fd84a6-1ff8-42a8-bd4b-7c32d28892aa",
              "isHook": false,
              "skipped": false
            },
            {
              "title": "Verify the functionality of saving Company Address",
              "fullTitle": " Verify the functionality of saving Company Address",
              "timedOut": null,
              "duration": 8404,
              "state": "passed",
              "speed": "medium",
              "pass": true,
              "fail": false,
              "pending": false,
              "context": "{\n  \"title\": \"cypress-mochawesome-reporter-videos-passed\",\n  \"value\": \"cypress\\\\e2e\\\\tests\\\\CompanyProfileTest.cy.js\"\n}",
              "code": "companyProfilePage.open();\nconst randomText = companyProfilePage.getString();\ncompanyProfilePage.setRandomCompanyAddress(randomText);\ncompanyProfilePage.getCompanyAddress().then(setNewCompanyAddressElement => {\n  const setNewCompanyAddress = setNewCompanyAddressElement.trim();\n  companyProfilePage.clickSaveButton();\n  companyProfilePage.getCompanyAddress().then(getCurrentCompanyAddressElement => {\n    const getCurrentCompanyAddress = getCurrentCompanyAddressElement.trim();\n    expect(setNewCompanyAddress).to.equal(getCurrentCompanyAddress);\n  });\n});",
              "err": {},
              "uuid": "1c37666c-4c6c-4077-bccb-16ff43129a2d",
              "parentUUID": "e0fd84a6-1ff8-42a8-bd4b-7c32d28892aa",
              "isHook": false,
              "skipped": false
            },
            {
              "title": "Verify the functionality of saving City name",
              "fullTitle": " Verify the functionality of saving City name",
              "timedOut": null,
              "duration": 12090,
              "state": "failed",
              "speed": null,
              "pass": false,
              "fail": true,
              "pending": false,
              "context": "{\n  \"title\": \"cypress-mochawesome-reporter-videos-failed\",\n  \"value\": \"cypress\\\\e2e\\\\tests\\\\CompanyProfileTest.cy.js\"\n}",
              "code": "companyProfilePage.open();\ncompanyProfilePage.setRandomCityName();\ncompanyProfilePage.getCityName().then(newCityElement => {\n  const newCityName = newCityElement.trim();\n  companyProfilePage.clickSaveButton();\n  companyProfilePage.getCityName().then(getCurrentCityElement => {\n    const getCurrentCityName = getCurrentCityElement.trim();\n    expect(newCityName).to.equal(getCurrentCityName);\n  });\n});",
              "err": {
                "message": "AssertionError: Timed out retrying after 4000ms: Expected to find element: `#bottom-bar-save-action`, but never found it.",
                "estack": "AssertionError: Timed out retrying after 4000ms: Expected to find element: `#bottom-bar-save-action`, but never found it.\n    at CompanyProfilePage.isElementPresent (webpack:///./cypress/pages/BasePage.js:41:27)\n    at CompanyProfilePage.clickSaveButton (webpack:///./cypress/pages/BasePage.js:6:9)\n    at Context.eval (webpack:///./cypress/e2e/tests/CompanyProfileTest.cy.js:48:25)",
                "diff": null
              },
              "uuid": "056b870a-b710-4cd8-8438-67b86b3cd944",
              "parentUUID": "e0fd84a6-1ff8-42a8-bd4b-7c32d28892aa",
              "isHook": false,
              "skipped": false
            },
            {
              "title": "Verify the functionality of saving Company Web site url",
              "fullTitle": " Verify the functionality of saving Company Web site url",
              "timedOut": null,
              "duration": 12002,
              "state": "passed",
              "speed": "slow",
              "pass": true,
              "fail": false,
              "pending": false,
              "context": "{\n  \"title\": \"cypress-mochawesome-reporter-videos-passed\",\n  \"value\": \"cypress\\\\e2e\\\\tests\\\\CompanyProfileTest.cy.js\"\n}",
              "code": "companyProfilePage.open();\ncompanyProfilePage.setRandomCompanyWebsite();\ncompanyProfilePage.getWebSiteUrl().then(setNewWebsiteUrlElement => {\n  const setNewWebstieUrl = setNewWebsiteUrlElement.trim();\n  companyProfilePage.clickSaveButton();\n  companyProfilePage.getWebSiteUrl().then(getCurrentWebstieElement => {\n    const getCurrentWebSiteUrl = getCurrentWebstieElement.trim();\n    expect(setNewWebstieUrl).to.equal(getCurrentWebSiteUrl);\n  });\n});",
              "err": {},
              "uuid": "668a5717-69fe-4164-b2e4-dbc76dcffa5e",
              "parentUUID": "e0fd84a6-1ff8-42a8-bd4b-7c32d28892aa",
              "isHook": false,
              "skipped": false
            },
            {
              "title": "Verify the functionality of saving Zip Code",
              "fullTitle": " Verify the functionality of saving Zip Code",
              "timedOut": null,
              "duration": 6697,
              "state": "passed",
              "speed": "medium",
              "pass": true,
              "fail": false,
              "pending": false,
              "context": "{\n  \"title\": \"cypress-mochawesome-reporter-videos-passed\",\n  \"value\": \"cypress\\\\e2e\\\\tests\\\\CompanyProfileTest.cy.js\"\n}",
              "code": "companyProfilePage.open();\ncompanyProfilePage.setRandomZipCode();\ncompanyProfilePage.getZipCode().then(newZipCodeElement => {\n  const newZipCode = newZipCodeElement.trim();\n  companyProfilePage.clickSaveButton();\n  companyProfilePage.getZipCode().then(getCurrentZipCodeElement => {\n    const getCurrentZipCode = getCurrentZipCodeElement.trim();\n    expect(newZipCode).to.equal(getCurrentZipCode);\n  });\n});",
              "err": {},
              "uuid": "92ed8b8e-9dfd-45f5-a575-6a8f1a9eacf7",
              "parentUUID": "e0fd84a6-1ff8-42a8-bd4b-7c32d28892aa",
              "isHook": false,
              "skipped": false
            }
          ],
          "suites": [],
          "passes": [
            "3c4e23cc-9900-4183-a017-e75daf700cda",
            "1c37666c-4c6c-4077-bccb-16ff43129a2d",
            "668a5717-69fe-4164-b2e4-dbc76dcffa5e",
            "92ed8b8e-9dfd-45f5-a575-6a8f1a9eacf7"
          ],
          "failures": [
            "056b870a-b710-4cd8-8438-67b86b3cd944"
          ],
          "pending": [],
          "skipped": [],
          "duration": 49159,
          "root": false,
          "rootEmpty": false,
          "_timeout": 2000
        }
      ],
      "passes": [],
      "failures": [],
      "pending": [],
      "skipped": [],
      "duration": 0,
      "root": true,
      "rootEmpty": true,
      "_timeout": 2000
    }
  ],
  "meta": {
    "mocha": {
      "version": "7.0.1"
    },
    "mochawesome": {
      "options": {
        "quiet": false,
        "reportFilename": "mochawesome",
        "saveHtml": true,
        "saveJson": true,
        "consoleReporter": "spec",
        "useInlineDiffs": false,
        "code": true
      },
      "version": "7.1.3"
    },
    "marge": {
      "options": {
        "reportDir": "cypress/reports",
        "overwrite": false,
        "html": true,
        "json": true
      },
      "version": "6.2.0"
    }
  }
}