{
  "stats": {
    "suites": 1,
    "tests": 4,
    "passes": 3,
    "pending": 0,
    "failures": 1,
    "start": "2025-02-07T12:49:30.862Z",
    "end": "2025-02-07T12:49:54.386Z",
    "duration": 23524,
    "testsRegistered": 4,
    "passPercent": 75,
    "pendingPercent": 0,
    "other": 0,
    "hasOther": false,
    "skipped": 0,
    "hasSkipped": false
  },
  "results": [
    {
      "uuid": "7291e375-a7ec-4bf1-8bf9-bce171161682",
      "title": "",
      "fullFile": "cypress\\e2e\\tests\\CreateCampaignTest.cy.js",
      "file": "cypress\\e2e\\tests\\CreateCampaignTest.cy.js",
      "beforeHooks": [],
      "afterHooks": [],
      "tests": [],
      "suites": [
        {
          "uuid": "085ad4c1-8d88-4ccc-9c8a-c719d8cd51d1",
          "title": "",
          "fullFile": "",
          "file": "",
          "beforeHooks": [],
          "afterHooks": [],
          "tests": [
            {
              "title": "Verify the functionality of the shows Top Bar on the Create Campaign page",
              "fullTitle": " Verify the functionality of the shows Top Bar on the Create Campaign page",
              "timedOut": null,
              "duration": 6492,
              "state": "passed",
              "speed": "medium",
              "pass": true,
              "fail": false,
              "pending": false,
              "context": "{\n  \"title\": \"cypress-mochawesome-reporter-videos-passed\",\n  \"value\": \"cypress\\\\e2e\\\\tests\\\\CreateCampaignTest.cy.js\"\n}",
              "code": "campaignsMainPage.open();\ncampaignsMainPage.clickCreateNewCampaignBtn();\ncy.get(createCampaignPage.goBackButton).should(\"be.visible\");\ncy.contains(createCampaignPage.createACampaignTitle).should(\"be.visible\");\ncy.get(createCampaignPage.saveCreateBtn).should(\"be.visible\");",
              "err": {},
              "uuid": "73e17bc4-98c1-48dc-9194-7176832e8cf6",
              "parentUUID": "085ad4c1-8d88-4ccc-9c8a-c719d8cd51d1",
              "isHook": false,
              "skipped": false
            },
            {
              "title": "Verify the functionality of return to campaign list",
              "fullTitle": " Verify the functionality of return to campaign list",
              "timedOut": null,
              "duration": 4351,
              "state": "passed",
              "speed": "fast",
              "pass": true,
              "fail": false,
              "pending": false,
              "context": "{\n  \"title\": \"cypress-mochawesome-reporter-videos-passed\",\n  \"value\": \"cypress\\\\e2e\\\\tests\\\\CreateCampaignTest.cy.js\"\n}",
              "code": "createCampaignPage.open();\ncreateCampaignPage.clickGoBackBtn();\ncy.get(campaignsMainPage.createNewCampaignBtn).should(\"be.visible\");",
              "err": {},
              "uuid": "731240e2-fc1f-4e81-bc7d-6ee1b6773e87",
              "parentUUID": "085ad4c1-8d88-4ccc-9c8a-c719d8cd51d1",
              "isHook": false,
              "skipped": false
            },
            {
              "title": "Verify the functionality of show Unsaved changes modal",
              "fullTitle": " Verify the functionality of show Unsaved changes modal",
              "timedOut": null,
              "duration": 4249,
              "state": "passed",
              "speed": "fast",
              "pass": true,
              "fail": false,
              "pending": false,
              "context": "{\n  \"title\": \"cypress-mochawesome-reporter-videos-passed\",\n  \"value\": \"cypress\\\\e2e\\\\tests\\\\CreateCampaignTest.cy.js\"\n}",
              "code": "campaignsMainPage.open();\ncampaignsMainPage.clickCreateNewCampaignBtn();\ncreateCampaignPage.clickBrowserBackButton();\ncy.contains(createCampaignPage.unsavedChangesModal).should(\"be.visible\");",
              "err": {},
              "uuid": "7207cd51-ae51-4c1b-bc34-0a1f960984ce",
              "parentUUID": "085ad4c1-8d88-4ccc-9c8a-c719d8cd51d1",
              "isHook": false,
              "skipped": false
            },
            {
              "title": "Verify the functionality of creating new default campaign",
              "fullTitle": " Verify the functionality of creating new default campaign",
              "timedOut": null,
              "duration": 8081,
              "state": "failed",
              "speed": null,
              "pass": false,
              "fail": true,
              "pending": false,
              "context": "{\n  \"title\": \"cypress-mochawesome-reporter-videos-failed\",\n  \"value\": \"cypress\\\\e2e\\\\tests\\\\CreateCampaignTest.cy.js\"\n}",
              "code": "createCampaignPage.open();\ncreateCampaignPage.setCampaignRewardName();\ncreateCampaignPage.openAllIncentiveCampaignSteps();\ncreateCampaignPage.clickSelectBtn();\ncreateCampaignPage.clickSaveAndCreateButton();\ncampaignsPreviewPage.isElementPresentByXpath(campaignsPreviewPage.addYourCustomer);",
              "err": {
                "message": "AssertionError: Timed out retrying after 4000ms: Expected to find element: `#campaign-reward-name-input`, but never found it.",
                "estack": "AssertionError: Timed out retrying after 4000ms: Expected to find element: `#campaign-reward-name-input`, but never found it.\n    at CreateCampaignPage.setCampaignRewardName (webpack:///./cypress/pages/CreateCampaignPage.js:27:41)\n    at Context.eval (webpack:///./cypress/e2e/tests/CreateCampaignTest.cy.js:37:23)",
                "diff": null
              },
              "uuid": "f5d61a3a-b871-44f6-b847-1146b0b78098",
              "parentUUID": "085ad4c1-8d88-4ccc-9c8a-c719d8cd51d1",
              "isHook": false,
              "skipped": false
            }
          ],
          "suites": [],
          "passes": [
            "73e17bc4-98c1-48dc-9194-7176832e8cf6",
            "731240e2-fc1f-4e81-bc7d-6ee1b6773e87",
            "7207cd51-ae51-4c1b-bc34-0a1f960984ce"
          ],
          "failures": [
            "f5d61a3a-b871-44f6-b847-1146b0b78098"
          ],
          "pending": [],
          "skipped": [],
          "duration": 23173,
          "root": false,
          "rootEmpty": false,
          "_timeout": 2000
        }
      ],
      "passes": [],
      "failures": [],
      "pending": [],
      "skipped": [],
      "duration": 0,
      "root": true,
      "rootEmpty": true,
      "_timeout": 2000
    }
  ],
  "meta": {
    "mocha": {
      "version": "7.0.1"
    },
    "mochawesome": {
      "options": {
        "quiet": false,
        "reportFilename": "mochawesome",
        "saveHtml": true,
        "saveJson": true,
        "consoleReporter": "spec",
        "useInlineDiffs": false,
        "code": true
      },
      "version": "7.1.3"
    },
    "marge": {
      "options": {
        "reportDir": "cypress/reports",
        "overwrite": false,
        "html": true,
        "json": true
      },
      "version": "6.2.0"
    }
  }
}