{
  "stats": {
    "suites": 1,
    "tests": 1,
    "passes": 1,
    "pending": 0,
    "failures": 0,
    "start": "2025-02-07T12:10:31.718Z",
    "end": "2025-02-07T12:10:46.387Z",
    "duration": 14669,
    "testsRegistered": 1,
    "passPercent": 100,
    "pendingPercent": 0,
    "other": 0,
    "hasOther": false,
    "skipped": 0,
    "hasSkipped": false
  },
  "results": [
    {
      "uuid": "a3f5ab2b-d42c-4910-9116-3f4e5f84982b",
      "title": "",
      "fullFile": "cypress\\e2e\\tests\\MemberProfileTest.cy.js",
      "file": "cypress\\e2e\\tests\\MemberProfileTest.cy.js",
      "beforeHooks": [],
      "afterHooks": [],
      "tests": [],
      "suites": [
        {
          "uuid": "f0be8f48-fb0f-42fa-8b35-74bc774f930f",
          "title": "Dashboard",
          "fullFile": "",
          "file": "",
          "beforeHooks": [],
          "afterHooks": [],
          "tests": [
            {
              "title": "Verify the functionality of delete Member from Member Management list",
              "fullTitle": "Dashboard Verify the functionality of delete Member from Member Management list",
              "timedOut": null,
              "duration": 14342,
              "state": "passed",
              "speed": "slow",
              "pass": true,
              "fail": false,
              "pending": false,
              "context": "{\n  \"title\": \"cypress-mochawesome-reporter-videos-passed\",\n  \"value\": \"cypress\\\\e2e\\\\tests\\\\MemberProfileTest.cy.js\"\n}",
              "code": "memberManagementPage.open();\ncy.wait(4000);\nlet initialRowCount;\nmemberManagementPage.getRowCount().then(count => {\n  initialRowCount = count;\n  cy.log(`Initial Row Count: ${initialRowCount}`);\n  console.log(\"Initial Row Count (console log):\", initialRowCount);\n  memberManagementPage.clickEditButton();\n  memberProfilePage.clickRemoveMemberBtn();\n  memberProfilePage.deleteMember();\n  memberManagementPage.getRowCount().should(\"eq\", initialRowCount - 1);\n});",
              "err": {},
              "uuid": "7a4fc217-cdb2-431b-be91-b5264d8fb98e",
              "parentUUID": "f0be8f48-fb0f-42fa-8b35-74bc774f930f",
              "isHook": false,
              "skipped": false
            }
          ],
          "suites": [],
          "passes": [
            "7a4fc217-cdb2-431b-be91-b5264d8fb98e"
          ],
          "failures": [],
          "pending": [],
          "skipped": [],
          "duration": 14342,
          "root": false,
          "rootEmpty": false,
          "_timeout": 2000
        }
      ],
      "passes": [],
      "failures": [],
      "pending": [],
      "skipped": [],
      "duration": 0,
      "root": true,
      "rootEmpty": true,
      "_timeout": 2000
    }
  ],
  "meta": {
    "mocha": {
      "version": "7.0.1"
    },
    "mochawesome": {
      "options": {
        "quiet": false,
        "reportFilename": "mochawesome",
        "saveHtml": true,
        "saveJson": true,
        "consoleReporter": "spec",
        "useInlineDiffs": false,
        "code": true
      },
      "version": "7.1.3"
    },
    "marge": {
      "options": null,
      "version": "6.2.0"
    }
  }
}